Using pre-set license
Built from '2020.3/staging' branch; Version is '2020.3.23f1 (c5d91304a876) revision 12966163'; Using compiler version '192528614'; Build Type 'Release'
OS: 'Windows 10 Home; OS build 19044.1706; Version 2009; 64bit' Language: 'ja' Physical Memory: 16085 MB
BatchMode: 1, IsHumanControllingUs: 0, StartBugReporterOnCrash: 0, Is64bit: 1, IsPro: 0

COMMAND LINE ARGUMENTS:
C:\Program Files\Unity\Hub\Editor\2020.3.23f1\Editor\Unity.exe
-adb2
-batchMode
-noUpm
-name
AssetImportWorker0
-projectPath
C:/Users/tanigawa_toma/Documents/Imacreate/Maze
-logFile
Logs/AssetImportWorker0.log
-srvPort
59685
Successfully changed project path to: C:/Users/tanigawa_toma/Documents/Imacreate/Maze
C:/Users/tanigawa_toma/Documents/Imacreate/Maze
Using Asset Import Pipeline V2.
Refreshing native plugins compatible for Editor in 45.73 ms, found 2 plugins.
Preloading 0 native plugins for Editor in 0.00 ms.
Initialize engine version: 2020.3.23f1 (c5d91304a876)
[Subsystems] Discovering subsystems at path C:/Program Files/Unity/Hub/Editor/2020.3.23f1/Editor/Data/Resources/UnitySubsystems
[Subsystems] Discovering subsystems at path C:/Users/tanigawa_toma/Documents/Imacreate/Maze/Assets
GfxDevice: creating device client; threaded=0
Direct3D:
    Version:  Direct3D 11.0 [level 11.1]
    Renderer: NVIDIA GeForce RTX 3070 Laptop GPU (ID=0x249d)
    Vendor:   
    VRAM:     8044 MB
    Driver:   30.0.15.1259
Initialize mono
Mono path[0] = 'C:/Program Files/Unity/Hub/Editor/2020.3.23f1/Editor/Data/Managed'
Mono path[1] = 'C:/Program Files/Unity/Hub/Editor/2020.3.23f1/Editor/Data/MonoBleedingEdge/lib/mono/unityjit'
Mono config path = 'C:/Program Files/Unity/Hub/Editor/2020.3.23f1/Editor/Data/MonoBleedingEdge/etc'
Using monoOptions --debugger-agent=transport=dt_socket,embedding=1,server=y,suspend=n,address=127.0.0.1:56452
Begin MonoManager ReloadAssembly
Registering precompiled unity dll's ...
Register platform support module: C:/Program Files/Unity/Hub/Editor/2020.3.23f1/Editor/Data/PlaybackEngines/WindowsStandaloneSupport/UnityEditor.WindowsStandalone.Extensions.dll
Registered in 0.001633 seconds.
Native extension for WindowsStandalone target not found
Refreshing native plugins compatible for Editor in 73.75 ms, found 2 plugins.
Preloading 0 native plugins for Editor in 0.00 ms.
Mono: successfully reloaded assembly
- Completed reload, in  0.468 seconds
Domain Reload Profiling:
	ReloadAssembly (468ms)
		BeginReloadAssembly (41ms)
			ExecutionOrderSort (0ms)
			DisableScriptedObjects (0ms)
			BackupInstance (0ms)
			ReleaseScriptingObjects (0ms)
			CreateAndSetChildDomain (1ms)
		EndReloadAssembly (369ms)
			LoadAssemblies (39ms)
			RebuildTransferFunctionScriptingTraits (0ms)
			SetupTypeCache (107ms)
			ReleaseScriptCaches (0ms)
			RebuildScriptCaches (22ms)
			SetupLoadedEditorAssemblies (167ms)
				LogAssemblyErrors (0ms)
				InitializePlatformSupportModulesInManaged (3ms)
				SetLoadedEditorAssemblies (0ms)
				RefreshPlugins (74ms)
				BeforeProcessingInitializeOnLoad (10ms)
				ProcessInitializeOnLoadAttributes (58ms)
				ProcessInitializeOnLoadMethodAttributes (21ms)
				AfterProcessingInitializeOnLoad (0ms)
				EditorAssembliesLoaded (0ms)
			ExecutionOrderSort2 (0ms)
			AwakeInstancesAfterBackupRestoration (0ms)
Platform modules already initialized, skipping
Registering precompiled user dll's ...
Registered in 0.010497 seconds.
Begin MonoManager ReloadAssembly
Native extension for WindowsStandalone target not found
Refreshing native plugins compatible for Editor in 0.53 ms, found 2 plugins.
Preloading 0 native plugins for Editor in 0.00 ms.
Mono: successfully reloaded assembly
- Completed reload, in  0.884 seconds
Domain Reload Profiling:
	ReloadAssembly (885ms)
		BeginReloadAssembly (105ms)
			ExecutionOrderSort (0ms)
			DisableScriptedObjects (3ms)
			BackupInstance (0ms)
			ReleaseScriptingObjects (0ms)
			CreateAndSetChildDomain (15ms)
		EndReloadAssembly (731ms)
			LoadAssemblies (76ms)
			RebuildTransferFunctionScriptingTraits (0ms)
			SetupTypeCache (307ms)
			ReleaseScriptCaches (0ms)
			RebuildScriptCaches (39ms)
			SetupLoadedEditorAssemblies (242ms)
				LogAssemblyErrors (0ms)
				InitializePlatformSupportModulesInManaged (4ms)
				SetLoadedEditorAssemblies (0ms)
				RefreshPlugins (1ms)
				BeforeProcessingInitializeOnLoad (79ms)
				ProcessInitializeOnLoadAttributes (134ms)
				ProcessInitializeOnLoadMethodAttributes (20ms)
				AfterProcessingInitializeOnLoad (6ms)
				EditorAssembliesLoaded (0ms)
			ExecutionOrderSort2 (0ms)
			AwakeInstancesAfterBackupRestoration (4ms)
Platform modules already initialized, skipping
========================================================================
Worker process is ready to serve import requests
Launched and connected shader compiler UnityShaderCompiler.exe after 0.04 seconds
Refreshing native plugins compatible for Editor in 0.50 ms, found 2 plugins.
Preloading 0 native plugins for Editor in 0.00 ms.
Unloading 2855 Unused Serialized files (Serialized files now loaded: 0)
System memory in use before: 108.2 MB.
System memory in use after: 108.4 MB.

Unloading 29 unused Assets to reduce memory usage. Loaded Objects now: 3280.
Total: 2.413400 ms (FindLiveObjects: 0.177300 ms CreateObjectMapping: 0.069800 ms MarkObjects: 2.089000 ms  DeleteObjects: 0.076600 ms)

AssetImportParameters requested are different than current active one (requested -> active):
  custom:framework-win-MediaFoundation: 216162199b28c13a410421893ffa2e32 -> 
  custom:video-decoder-ogg-theora: a1e56fd34408186e4bbccfd4996cb3dc -> 
  custom:container-muxer-webm: aa71ff27fc2769a1b78a27578f13a17b -> 
  custom:container-demuxer-webm: 4f35f7cbe854078d1ac9338744f61a02 -> 
  custom:container-demuxer-ogg: 62fdf1f143b41e24485cea50d1cbac27 -> 
  custom:video-encoder-webm-vp8: eb34c28f22e8b96e1ab97ce403110664 -> 
  custom:video-decoder-webm-vp8: 9c59270c3fd7afecdb556c50c9e8de78 -> 
  custom:audio-decoder-ogg-vorbis: bf7c407c2cedff20999df2af8eb42d56 -> 
  custom:audio-encoder-webm-vorbis: bf7c407c2cedff20999df2af8eb42d56 -> 
========================================================================
Received Import Request.
  path: Assets/ZenjectInstaller.cs
  artifactKey: Guid(35cf5697be59f9b47b05b2c14d649f6a) Importer(815301076,1909f56bfc062723c751e8b465ee728b)
Start importing Assets/ZenjectInstaller.cs using Guid(35cf5697be59f9b47b05b2c14d649f6a) Importer(815301076,1909f56bfc062723c751e8b465ee728b)  -> (artifact id: '46f36ec4e0756615ada38a9c816c27f3') in 0.023725 seconds 
  Import took 0.028038 seconds .

========================================================================
Received Prepare
Registering precompiled user dll's ...
Registered in 0.005915 seconds.
Begin MonoManager ReloadAssembly
Native extension for WindowsStandalone target not found
Refreshing native plugins compatible for Editor in 0.51 ms, found 2 plugins.
Preloading 0 native plugins for Editor in 0.00 ms.
Mono: successfully reloaded assembly
- Completed reload, in  0.813 seconds
Domain Reload Profiling:
	ReloadAssembly (814ms)
		BeginReloadAssembly (95ms)
			ExecutionOrderSort (0ms)
			DisableScriptedObjects (3ms)
			BackupInstance (0ms)
			ReleaseScriptingObjects (0ms)
			CreateAndSetChildDomain (34ms)
		EndReloadAssembly (670ms)
			LoadAssemblies (71ms)
			RebuildTransferFunctionScriptingTraits (0ms)
			SetupTypeCache (277ms)
			ReleaseScriptCaches (1ms)
			RebuildScriptCaches (26ms)
			SetupLoadedEditorAssemblies (217ms)
				LogAssemblyErrors (0ms)
				InitializePlatformSupportModulesInManaged (3ms)
				SetLoadedEditorAssemblies (0ms)
				RefreshPlugins (1ms)
				BeforeProcessingInitializeOnLoad (63ms)
				ProcessInitializeOnLoadAttributes (121ms)
				ProcessInitializeOnLoadMethodAttributes (18ms)
				AfterProcessingInitializeOnLoad (10ms)
				EditorAssembliesLoaded (1ms)
			ExecutionOrderSort2 (0ms)
			AwakeInstancesAfterBackupRestoration (10ms)
Platform modules already initialized, skipping
Refreshing native plugins compatible for Editor in 0.51 ms, found 2 plugins.
Preloading 0 native plugins for Editor in 0.00 ms.
Unloading 2846 Unused Serialized files (Serialized files now loaded: 0)
System memory in use before: 107.8 MB.
System memory in use after: 108.0 MB.

Unloading 24 unused Assets to reduce memory usage. Loaded Objects now: 3282.
Total: 2.317000 ms (FindLiveObjects: 0.177300 ms CreateObjectMapping: 0.053600 ms MarkObjects: 2.064700 ms  DeleteObjects: 0.020800 ms)

AssetImportParameters requested are different than current active one (requested -> active):
  custom:framework-win-MediaFoundation: 216162199b28c13a410421893ffa2e32 -> 
  custom:video-decoder-ogg-theora: a1e56fd34408186e4bbccfd4996cb3dc -> 
  custom:container-muxer-webm: aa71ff27fc2769a1b78a27578f13a17b -> 
  custom:container-demuxer-webm: 4f35f7cbe854078d1ac9338744f61a02 -> 
  custom:container-demuxer-ogg: 62fdf1f143b41e24485cea50d1cbac27 -> 
  custom:video-encoder-webm-vp8: eb34c28f22e8b96e1ab97ce403110664 -> 
  custom:video-decoder-webm-vp8: 9c59270c3fd7afecdb556c50c9e8de78 -> 
  custom:audio-decoder-ogg-vorbis: bf7c407c2cedff20999df2af8eb42d56 -> 
  custom:audio-encoder-webm-vorbis: bf7c407c2cedff20999df2af8eb42d56 -> 
========================================================================
Received Import Request.
  Time since last request: 44.069960 seconds.
  path: Assets/Scripts/ZenjectInstaller.cs
  artifactKey: Guid(35cf5697be59f9b47b05b2c14d649f6a) Importer(815301076,1909f56bfc062723c751e8b465ee728b)
Start importing Assets/Scripts/ZenjectInstaller.cs using Guid(35cf5697be59f9b47b05b2c14d649f6a) Importer(815301076,1909f56bfc062723c751e8b465ee728b)  -> (artifact id: '1a6c6cab176ad136d14998500bf9b300') in 0.005845 seconds 
  Import took 0.011425 seconds .

========================================================================
Received Import Request.
  Time since last request: 8.545873 seconds.
  path: Assets/Scripts/ZenjectInstaller.cs
  artifactKey: Guid(35cf5697be59f9b47b05b2c14d649f6a) Importer(815301076,1909f56bfc062723c751e8b465ee728b)
Start importing Assets/Scripts/ZenjectInstaller.cs using Guid(35cf5697be59f9b47b05b2c14d649f6a) Importer(815301076,1909f56bfc062723c751e8b465ee728b)  -> (artifact id: '99c4eefd7654d0f02202558228c7c6b1') in 0.002314 seconds 
  Import took 0.006896 seconds .

========================================================================
Received Import Request.
  Time since last request: 29.607311 seconds.
  path: Assets/Scripts/ZenjectInstaller.cs
  artifactKey: Guid(35cf5697be59f9b47b05b2c14d649f6a) Importer(815301076,1909f56bfc062723c751e8b465ee728b)
Start importing Assets/Scripts/ZenjectInstaller.cs using Guid(35cf5697be59f9b47b05b2c14d649f6a) Importer(815301076,1909f56bfc062723c751e8b465ee728b)  -> (artifact id: '8e76615ed9154c0c0a8ac8d5ad6d1c54') in 0.002646 seconds 
  Import took 0.007346 seconds .

========================================================================
Received Prepare
Registering precompiled user dll's ...
Registered in 0.005882 seconds.
Begin MonoManager ReloadAssembly
Native extension for WindowsStandalone target not found
Refreshing native plugins compatible for Editor in 0.53 ms, found 2 plugins.
Preloading 0 native plugins for Editor in 0.00 ms.
Mono: successfully reloaded assembly
- Completed reload, in  0.824 seconds
Domain Reload Profiling:
	ReloadAssembly (824ms)
		BeginReloadAssembly (108ms)
			ExecutionOrderSort (0ms)
			DisableScriptedObjects (3ms)
			BackupInstance (0ms)
			ReleaseScriptingObjects (0ms)
			CreateAndSetChildDomain (36ms)
		EndReloadAssembly (668ms)
			LoadAssemblies (76ms)
			RebuildTransferFunctionScriptingTraits (0ms)
			SetupTypeCache (279ms)
			ReleaseScriptCaches (1ms)
			RebuildScriptCaches (26ms)
			SetupLoadedEditorAssemblies (219ms)
				LogAssemblyErrors (0ms)
				InitializePlatformSupportModulesInManaged (4ms)
				SetLoadedEditorAssemblies (0ms)
				RefreshPlugins (1ms)
				BeforeProcessingInitializeOnLoad (63ms)
				ProcessInitializeOnLoadAttributes (128ms)
				ProcessInitializeOnLoadMethodAttributes (17ms)
				AfterProcessingInitializeOnLoad (5ms)
				EditorAssembliesLoaded (0ms)
			ExecutionOrderSort2 (0ms)
			AwakeInstancesAfterBackupRestoration (5ms)
Platform modules already initialized, skipping
Refreshing native plugins compatible for Editor in 0.52 ms, found 2 plugins.
Preloading 0 native plugins for Editor in 0.00 ms.
Unloading 2846 Unused Serialized files (Serialized files now loaded: 0)
System memory in use before: 107.8 MB.
System memory in use after: 108.1 MB.

Unloading 24 unused Assets to reduce memory usage. Loaded Objects now: 3284.
Total: 2.423500 ms (FindLiveObjects: 0.170900 ms CreateObjectMapping: 0.047300 ms MarkObjects: 2.177000 ms  DeleteObjects: 0.027300 ms)

AssetImportParameters requested are different than current active one (requested -> active):
  custom:framework-win-MediaFoundation: 216162199b28c13a410421893ffa2e32 -> 
  custom:video-decoder-ogg-theora: a1e56fd34408186e4bbccfd4996cb3dc -> 
  custom:container-muxer-webm: aa71ff27fc2769a1b78a27578f13a17b -> 
  custom:container-demuxer-webm: 4f35f7cbe854078d1ac9338744f61a02 -> 
  custom:container-demuxer-ogg: 62fdf1f143b41e24485cea50d1cbac27 -> 
  custom:video-encoder-webm-vp8: eb34c28f22e8b96e1ab97ce403110664 -> 
  custom:video-decoder-webm-vp8: 9c59270c3fd7afecdb556c50c9e8de78 -> 
  custom:audio-decoder-ogg-vorbis: bf7c407c2cedff20999df2af8eb42d56 -> 
  custom:audio-encoder-webm-vorbis: bf7c407c2cedff20999df2af8eb42d56 -> 
========================================================================
Received Import Request.
  Time since last request: 85.294118 seconds.
  path: Assets/Scripts/ZenjectInstaller.cs
  artifactKey: Guid(35cf5697be59f9b47b05b2c14d649f6a) Importer(815301076,1909f56bfc062723c751e8b465ee728b)
Start importing Assets/Scripts/ZenjectInstaller.cs using Guid(35cf5697be59f9b47b05b2c14d649f6a) Importer(815301076,1909f56bfc062723c751e8b465ee728b)  -> (artifact id: 'a8a7d18b92687b4fbd65dfd5b2182536') in 0.007150 seconds 
  Import took 0.012941 seconds .

========================================================================
Received Prepare
Registering precompiled user dll's ...
Registered in 0.006149 seconds.
Begin MonoManager ReloadAssembly
Native extension for WindowsStandalone target not found
Refreshing native plugins compatible for Editor in 0.53 ms, found 2 plugins.
Preloading 0 native plugins for Editor in 0.00 ms.
Mono: successfully reloaded assembly
- Completed reload, in  0.891 seconds
Domain Reload Profiling:
	ReloadAssembly (891ms)
		BeginReloadAssembly (104ms)
			ExecutionOrderSort (0ms)
			DisableScriptedObjects (3ms)
			BackupInstance (0ms)
			ReleaseScriptingObjects (0ms)
			CreateAndSetChildDomain (34ms)
		EndReloadAssembly (727ms)
			LoadAssemblies (83ms)
			RebuildTransferFunctionScriptingTraits (0ms)
			SetupTypeCache (333ms)
			ReleaseScriptCaches (1ms)
			RebuildScriptCaches (30ms)
			SetupLoadedEditorAssemblies (211ms)
				LogAssemblyErrors (0ms)
				InitializePlatformSupportModulesInManaged (3ms)
				SetLoadedEditorAssemblies (0ms)
				RefreshPlugins (1ms)
				BeforeProcessingInitializeOnLoad (63ms)
				ProcessInitializeOnLoadAttributes (122ms)
				ProcessInitializeOnLoadMethodAttributes (17ms)
				AfterProcessingInitializeOnLoad (5ms)
				EditorAssembliesLoaded (0ms)
			ExecutionOrderSort2 (0ms)
			AwakeInstancesAfterBackupRestoration (5ms)
Platform modules already initialized, skipping
Refreshing native plugins compatible for Editor in 0.53 ms, found 2 plugins.
Preloading 0 native plugins for Editor in 0.00 ms.
Unloading 2846 Unused Serialized files (Serialized files now loaded: 0)
System memory in use before: 107.9 MB.
System memory in use after: 108.1 MB.

Unloading 24 unused Assets to reduce memory usage. Loaded Objects now: 3286.
Total: 3.273900 ms (FindLiveObjects: 0.191700 ms CreateObjectMapping: 0.061400 ms MarkObjects: 2.984300 ms  DeleteObjects: 0.035200 ms)

AssetImportParameters requested are different than current active one (requested -> active):
  custom:framework-win-MediaFoundation: 216162199b28c13a410421893ffa2e32 -> 
  custom:video-decoder-ogg-theora: a1e56fd34408186e4bbccfd4996cb3dc -> 
  custom:container-muxer-webm: aa71ff27fc2769a1b78a27578f13a17b -> 
  custom:container-demuxer-webm: 4f35f7cbe854078d1ac9338744f61a02 -> 
  custom:container-demuxer-ogg: 62fdf1f143b41e24485cea50d1cbac27 -> 
  custom:video-encoder-webm-vp8: eb34c28f22e8b96e1ab97ce403110664 -> 
  custom:video-decoder-webm-vp8: 9c59270c3fd7afecdb556c50c9e8de78 -> 
  custom:audio-decoder-ogg-vorbis: bf7c407c2cedff20999df2af8eb42d56 -> 
  custom:audio-encoder-webm-vorbis: bf7c407c2cedff20999df2af8eb42d56 -> 
========================================================================
Received Prepare
Registering precompiled user dll's ...
Registered in 0.006260 seconds.
Begin MonoManager ReloadAssembly
Native extension for WindowsStandalone target not found
Refreshing native plugins compatible for Editor in 0.53 ms, found 2 plugins.
Preloading 0 native plugins for Editor in 0.00 ms.
Mono: successfully reloaded assembly
- Completed reload, in  0.818 seconds
Domain Reload Profiling:
	ReloadAssembly (819ms)
		BeginReloadAssembly (97ms)
			ExecutionOrderSort (0ms)
			DisableScriptedObjects (3ms)
			BackupInstance (0ms)
			ReleaseScriptingObjects (0ms)
			CreateAndSetChildDomain (35ms)
		EndReloadAssembly (673ms)
			LoadAssemblies (73ms)
			RebuildTransferFunctionScriptingTraits (0ms)
			SetupTypeCache (289ms)
			ReleaseScriptCaches (1ms)
			RebuildScriptCaches (28ms)
			SetupLoadedEditorAssemblies (212ms)
				LogAssemblyErrors (0ms)
				InitializePlatformSupportModulesInManaged (3ms)
				SetLoadedEditorAssemblies (0ms)
				RefreshPlugins (1ms)
				BeforeProcessingInitializeOnLoad (63ms)
				ProcessInitializeOnLoadAttributes (122ms)
				ProcessInitializeOnLoadMethodAttributes (18ms)
				AfterProcessingInitializeOnLoad (5ms)
				EditorAssembliesLoaded (0ms)
			ExecutionOrderSort2 (0ms)
			AwakeInstancesAfterBackupRestoration (5ms)
Platform modules already initialized, skipping
Refreshing native plugins compatible for Editor in 0.59 ms, found 2 plugins.
Preloading 0 native plugins for Editor in 0.00 ms.
Unloading 2845 Unused Serialized files (Serialized files now loaded: 0)
System memory in use before: 107.9 MB.
System memory in use after: 108.1 MB.

Unloading 25 unused Assets to reduce memory usage. Loaded Objects now: 3287.
Total: 2.509400 ms (FindLiveObjects: 0.193600 ms CreateObjectMapping: 0.051300 ms MarkObjects: 2.242000 ms  DeleteObjects: 0.021700 ms)

AssetImportParameters requested are different than current active one (requested -> active):
  custom:framework-win-MediaFoundation: 216162199b28c13a410421893ffa2e32 -> 
  custom:video-decoder-ogg-theora: a1e56fd34408186e4bbccfd4996cb3dc -> 
  custom:container-muxer-webm: aa71ff27fc2769a1b78a27578f13a17b -> 
  custom:container-demuxer-webm: 4f35f7cbe854078d1ac9338744f61a02 -> 
  custom:container-demuxer-ogg: 62fdf1f143b41e24485cea50d1cbac27 -> 
  custom:video-encoder-webm-vp8: eb34c28f22e8b96e1ab97ce403110664 -> 
  custom:video-decoder-webm-vp8: 9c59270c3fd7afecdb556c50c9e8de78 -> 
  custom:audio-decoder-ogg-vorbis: bf7c407c2cedff20999df2af8eb42d56 -> 
  custom:audio-encoder-webm-vorbis: bf7c407c2cedff20999df2af8eb42d56 -> 
========================================================================
Received Prepare
Registering precompiled user dll's ...
Registered in 0.006052 seconds.
Begin MonoManager ReloadAssembly
Native extension for WindowsStandalone target not found
Refreshing native plugins compatible for Editor in 0.53 ms, found 2 plugins.
Preloading 0 native plugins for Editor in 0.00 ms.
Mono: successfully reloaded assembly
- Completed reload, in  0.827 seconds
Domain Reload Profiling:
	ReloadAssembly (828ms)
		BeginReloadAssembly (97ms)
			ExecutionOrderSort (0ms)
			DisableScriptedObjects (3ms)
			BackupInstance (0ms)
			ReleaseScriptingObjects (0ms)
			CreateAndSetChildDomain (32ms)
		EndReloadAssembly (679ms)
			LoadAssemblies (79ms)
			RebuildTransferFunctionScriptingTraits (0ms)
			SetupTypeCache (287ms)
			ReleaseScriptCaches (1ms)
			RebuildScriptCaches (26ms)
			SetupLoadedEditorAssemblies (218ms)
				LogAssemblyErrors (0ms)
				InitializePlatformSupportModulesInManaged (3ms)
				SetLoadedEditorAssemblies (0ms)
				RefreshPlugins (1ms)
				BeforeProcessingInitializeOnLoad (66ms)
				ProcessInitializeOnLoadAttributes (125ms)
				ProcessInitializeOnLoadMethodAttributes (18ms)
				AfterProcessingInitializeOnLoad (5ms)
				EditorAssembliesLoaded (0ms)
			ExecutionOrderSort2 (0ms)
			AwakeInstancesAfterBackupRestoration (5ms)
Platform modules already initialized, skipping
Refreshing native plugins compatible for Editor in 0.51 ms, found 2 plugins.
Preloading 0 native plugins for Editor in 0.00 ms.
Unloading 2846 Unused Serialized files (Serialized files now loaded: 0)
System memory in use before: 107.9 MB.
System memory in use after: 108.1 MB.

Unloading 24 unused Assets to reduce memory usage. Loaded Objects now: 3290.
Total: 2.425900 ms (FindLiveObjects: 0.175900 ms CreateObjectMapping: 0.057800 ms MarkObjects: 2.174300 ms  DeleteObjects: 0.017200 ms)

AssetImportParameters requested are different than current active one (requested -> active):
  custom:framework-win-MediaFoundation: 216162199b28c13a410421893ffa2e32 -> 
  custom:video-decoder-ogg-theora: a1e56fd34408186e4bbccfd4996cb3dc -> 
  custom:container-muxer-webm: aa71ff27fc2769a1b78a27578f13a17b -> 
  custom:container-demuxer-webm: 4f35f7cbe854078d1ac9338744f61a02 -> 
  custom:container-demuxer-ogg: 62fdf1f143b41e24485cea50d1cbac27 -> 
  custom:video-encoder-webm-vp8: eb34c28f22e8b96e1ab97ce403110664 -> 
  custom:video-decoder-webm-vp8: 9c59270c3fd7afecdb556c50c9e8de78 -> 
  custom:audio-decoder-ogg-vorbis: bf7c407c2cedff20999df2af8eb42d56 -> 
  custom:audio-encoder-webm-vorbis: bf7c407c2cedff20999df2af8eb42d56 -> 
========================================================================
Received Import Request.
  Time since last request: 266.801882 seconds.
  path: Assets/Scripts/ZenjectInstaller.cs
  artifactKey: Guid(35cf5697be59f9b47b05b2c14d649f6a) Importer(815301076,1909f56bfc062723c751e8b465ee728b)
Start importing Assets/Scripts/ZenjectInstaller.cs using Guid(35cf5697be59f9b47b05b2c14d649f6a) Importer(815301076,1909f56bfc062723c751e8b465ee728b)  -> (artifact id: '4f682cf09c0ff47d17480a85673db807') in 0.005392 seconds 
  Import took 0.011578 seconds .

========================================================================
Received Import Request.
  Time since last request: 47.522506 seconds.
  path: Assets/Scripts/ZenjectInstaller.cs
  artifactKey: Guid(35cf5697be59f9b47b05b2c14d649f6a) Importer(815301076,1909f56bfc062723c751e8b465ee728b)
Start importing Assets/Scripts/ZenjectInstaller.cs using Guid(35cf5697be59f9b47b05b2c14d649f6a) Importer(815301076,1909f56bfc062723c751e8b465ee728b)  -> (artifact id: 'a58affa880f923170620ac2f25dd07e2') in 0.002439 seconds 
  Import took 0.007666 seconds .

========================================================================
Received Import Request.
  Time since last request: 0.955719 seconds.
  path: Assets/Scripts/ZenjectInstaller.cs
  artifactKey: Guid(35cf5697be59f9b47b05b2c14d649f6a) Importer(815301076,1909f56bfc062723c751e8b465ee728b)
Start importing Assets/Scripts/ZenjectInstaller.cs using Guid(35cf5697be59f9b47b05b2c14d649f6a) Importer(815301076,1909f56bfc062723c751e8b465ee728b)  -> (artifact id: '28e0e9c461354a7847e9f02190cf78fc') in 0.002381 seconds 
  Import took 0.006996 seconds .

========================================================================
Received Import Request.
  Time since last request: 451.026799 seconds.
  path: Assets/Scripts/ZenjectInstaller.cs
  artifactKey: Guid(35cf5697be59f9b47b05b2c14d649f6a) Importer(815301076,1909f56bfc062723c751e8b465ee728b)
Start importing Assets/Scripts/ZenjectInstaller.cs using Guid(35cf5697be59f9b47b05b2c14d649f6a) Importer(815301076,1909f56bfc062723c751e8b465ee728b)  -> (artifact id: '1a9104a8d14eacc823a1547155b0782d') in 0.003312 seconds 
  Import took 0.008213 seconds .

========================================================================
Received Prepare
Registering precompiled user dll's ...
Registered in 0.006195 seconds.
Begin MonoManager ReloadAssembly
Native extension for WindowsStandalone target not found
Refreshing native plugins compatible for Editor in 0.50 ms, found 2 plugins.
Preloading 0 native plugins for Editor in 0.00 ms.
Mono: successfully reloaded assembly
- Completed reload, in  0.811 seconds
Domain Reload Profiling:
	ReloadAssembly (811ms)
		BeginReloadAssembly (97ms)
			ExecutionOrderSort (0ms)
			DisableScriptedObjects (3ms)
			BackupInstance (0ms)
			ReleaseScriptingObjects (0ms)
			CreateAndSetChildDomain (34ms)
		EndReloadAssembly (661ms)
			LoadAssemblies (73ms)
			RebuildTransferFunctionScriptingTraits (0ms)
			SetupTypeCache (276ms)
			ReleaseScriptCaches (1ms)
			RebuildScriptCaches (27ms)
			SetupLoadedEditorAssemblies (217ms)
				LogAssemblyErrors (0ms)
				InitializePlatformSupportModulesInManaged (3ms)
				SetLoadedEditorAssemblies (0ms)
				RefreshPlugins (1ms)
				BeforeProcessingInitializeOnLoad (64ms)
				ProcessInitializeOnLoadAttributes (125ms)
				ProcessInitializeOnLoadMethodAttributes (18ms)
				AfterProcessingInitializeOnLoad (5ms)
				EditorAssembliesLoaded (0ms)
			ExecutionOrderSort2 (0ms)
			AwakeInstancesAfterBackupRestoration (5ms)
Platform modules already initialized, skipping
Refreshing native plugins compatible for Editor in 0.56 ms, found 2 plugins.
Preloading 0 native plugins for Editor in 0.00 ms.
Unloading 2846 Unused Serialized files (Serialized files now loaded: 0)
System memory in use before: 107.9 MB.
System memory in use after: 108.1 MB.

Unloading 24 unused Assets to reduce memory usage. Loaded Objects now: 3292.
Total: 2.348600 ms (FindLiveObjects: 0.169300 ms CreateObjectMapping: 0.061400 ms MarkObjects: 2.097900 ms  DeleteObjects: 0.019000 ms)

AssetImportParameters requested are different than current active one (requested -> active):
  custom:framework-win-MediaFoundation: 216162199b28c13a410421893ffa2e32 -> 
  custom:video-decoder-ogg-theora: a1e56fd34408186e4bbccfd4996cb3dc -> 
  custom:container-muxer-webm: aa71ff27fc2769a1b78a27578f13a17b -> 
  custom:container-demuxer-webm: 4f35f7cbe854078d1ac9338744f61a02 -> 
  custom:container-demuxer-ogg: 62fdf1f143b41e24485cea50d1cbac27 -> 
  custom:video-encoder-webm-vp8: eb34c28f22e8b96e1ab97ce403110664 -> 
  custom:video-decoder-webm-vp8: 9c59270c3fd7afecdb556c50c9e8de78 -> 
  custom:audio-decoder-ogg-vorbis: bf7c407c2cedff20999df2af8eb42d56 -> 
  custom:audio-encoder-webm-vorbis: bf7c407c2cedff20999df2af8eb42d56 -> 
========================================================================
Received Import Request.
  Time since last request: 7.141007 seconds.
  path: Assets/Scripts/ZenjectInstaller.cs
  artifactKey: Guid(35cf5697be59f9b47b05b2c14d649f6a) Importer(815301076,1909f56bfc062723c751e8b465ee728b)
Start importing Assets/Scripts/ZenjectInstaller.cs using Guid(35cf5697be59f9b47b05b2c14d649f6a) Importer(815301076,1909f56bfc062723c751e8b465ee728b)  -> (artifact id: 'eed414929453edb82de4c5b943ee7055') in 0.005453 seconds 
  Import took 0.009683 seconds .

========================================================================
Received Prepare
Registering precompiled user dll's ...
Registered in 0.005938 seconds.
Begin MonoManager ReloadAssembly
Native extension for WindowsStandalone target not found
Refreshing native plugins compatible for Editor in 0.62 ms, found 2 plugins.
Preloading 0 native plugins for Editor in 0.00 ms.
Mono: successfully reloaded assembly
- Completed reload, in  0.785 seconds
Domain Reload Profiling:
	ReloadAssembly (785ms)
		BeginReloadAssembly (99ms)
			ExecutionOrderSort (0ms)
			DisableScriptedObjects (3ms)
			BackupInstance (0ms)
			ReleaseScriptingObjects (0ms)
			CreateAndSetChildDomain (31ms)
		EndReloadAssembly (639ms)
			LoadAssemblies (72ms)
			RebuildTransferFunctionScriptingTraits (0ms)
			SetupTypeCache (267ms)
			ReleaseScriptCaches (1ms)
			RebuildScriptCaches (27ms)
			SetupLoadedEditorAssemblies (208ms)
				LogAssemblyErrors (0ms)
				InitializePlatformSupportModulesInManaged (3ms)
				SetLoadedEditorAssemblies (0ms)
				RefreshPlugins (1ms)
				BeforeProcessingInitializeOnLoad (61ms)
				ProcessInitializeOnLoadAttributes (120ms)
				ProcessInitializeOnLoadMethodAttributes (17ms)
				AfterProcessingInitializeOnLoad (5ms)
				EditorAssembliesLoaded (0ms)
			ExecutionOrderSort2 (0ms)
			AwakeInstancesAfterBackupRestoration (5ms)
Platform modules already initialized, skipping
Refreshing native plugins compatible for Editor in 0.50 ms, found 2 plugins.
Preloading 0 native plugins for Editor in 0.00 ms.
Unloading 2846 Unused Serialized files (Serialized files now loaded: 0)
System memory in use before: 107.9 MB.
System memory in use after: 108.1 MB.

Unloading 24 unused Assets to reduce memory usage. Loaded Objects now: 3294.
Total: 2.323100 ms (FindLiveObjects: 0.161400 ms CreateObjectMapping: 0.053600 ms MarkObjects: 2.089600 ms  DeleteObjects: 0.017600 ms)

AssetImportParameters requested are different than current active one (requested -> active):
  custom:framework-win-MediaFoundation: 216162199b28c13a410421893ffa2e32 -> 
  custom:video-decoder-ogg-theora: a1e56fd34408186e4bbccfd4996cb3dc -> 
  custom:container-muxer-webm: aa71ff27fc2769a1b78a27578f13a17b -> 
  custom:container-demuxer-webm: 4f35f7cbe854078d1ac9338744f61a02 -> 
  custom:container-demuxer-ogg: 62fdf1f143b41e24485cea50d1cbac27 -> 
  custom:video-encoder-webm-vp8: eb34c28f22e8b96e1ab97ce403110664 -> 
  custom:video-decoder-webm-vp8: 9c59270c3fd7afecdb556c50c9e8de78 -> 
  custom:audio-decoder-ogg-vorbis: bf7c407c2cedff20999df2af8eb42d56 -> 
  custom:audio-encoder-webm-vorbis: bf7c407c2cedff20999df2af8eb42d56 -> 
========================================================================
Received Import Request.
  Time since last request: 32.626524 seconds.
  path: Assets/Scripts/ZenjectInstaller.cs
  artifactKey: Guid(35cf5697be59f9b47b05b2c14d649f6a) Importer(815301076,1909f56bfc062723c751e8b465ee728b)
Start importing Assets/Scripts/ZenjectInstaller.cs using Guid(35cf5697be59f9b47b05b2c14d649f6a) Importer(815301076,1909f56bfc062723c751e8b465ee728b)  -> (artifact id: '3991c73c78241be30b5d1ac37f9a5036') in 0.005459 seconds 
  Import took 0.010168 seconds .

========================================================================
Received Prepare
Registering precompiled user dll's ...
Registered in 0.005844 seconds.
Begin MonoManager ReloadAssembly
Native extension for WindowsStandalone target not found
Refreshing native plugins compatible for Editor in 0.57 ms, found 2 plugins.
Preloading 0 native plugins for Editor in 0.00 ms.
Mono: successfully reloaded assembly
- Completed reload, in  0.824 seconds
Domain Reload Profiling:
	ReloadAssembly (825ms)
		BeginReloadAssembly (90ms)
			ExecutionOrderSort (0ms)
			DisableScriptedObjects (3ms)
			BackupInstance (0ms)
			ReleaseScriptingObjects (0ms)
			CreateAndSetChildDomain (32ms)
		EndReloadAssembly (688ms)
			LoadAssemblies (72ms)
			RebuildTransferFunctionScriptingTraits (0ms)
			SetupTypeCache (300ms)
			ReleaseScriptCaches (1ms)
			RebuildScriptCaches (26ms)
			SetupLoadedEditorAssemblies (219ms)
				LogAssemblyErrors (0ms)
				InitializePlatformSupportModulesInManaged (3ms)
				SetLoadedEditorAssemblies (0ms)
				RefreshPlugins (1ms)
				BeforeProcessingInitializeOnLoad (66ms)
				ProcessInitializeOnLoadAttributes (126ms)
				ProcessInitializeOnLoadMethodAttributes (18ms)
				AfterProcessingInitializeOnLoad (5ms)
				EditorAssembliesLoaded (0ms)
			ExecutionOrderSort2 (0ms)
			AwakeInstancesAfterBackupRestoration (5ms)
Platform modules already initialized, skipping
Refreshing native plugins compatible for Editor in 0.52 ms, found 2 plugins.
Preloading 0 native plugins for Editor in 0.00 ms.
Unloading 2846 Unused Serialized files (Serialized files now loaded: 0)
System memory in use before: 107.9 MB.
System memory in use after: 108.1 MB.

Unloading 24 unused Assets to reduce memory usage. Loaded Objects now: 3296.
Total: 2.365400 ms (FindLiveObjects: 0.176500 ms CreateObjectMapping: 0.055400 ms MarkObjects: 2.113200 ms  DeleteObjects: 0.019600 ms)

AssetImportParameters requested are different than current active one (requested -> active):
  custom:framework-win-MediaFoundation: 216162199b28c13a410421893ffa2e32 -> 
  custom:video-decoder-ogg-theora: a1e56fd34408186e4bbccfd4996cb3dc -> 
  custom:container-muxer-webm: aa71ff27fc2769a1b78a27578f13a17b -> 
  custom:container-demuxer-webm: 4f35f7cbe854078d1ac9338744f61a02 -> 
  custom:container-demuxer-ogg: 62fdf1f143b41e24485cea50d1cbac27 -> 
  custom:video-encoder-webm-vp8: eb34c28f22e8b96e1ab97ce403110664 -> 
  custom:video-decoder-webm-vp8: 9c59270c3fd7afecdb556c50c9e8de78 -> 
  custom:audio-decoder-ogg-vorbis: bf7c407c2cedff20999df2af8eb42d56 -> 
  custom:audio-encoder-webm-vorbis: bf7c407c2cedff20999df2af8eb42d56 -> 
========================================================================
Received Import Request.
  Time since last request: 12.485722 seconds.
  path: Assets/Scripts/ZenjectInstaller.cs
  artifactKey: Guid(35cf5697be59f9b47b05b2c14d649f6a) Importer(815301076,1909f56bfc062723c751e8b465ee728b)
Start importing Assets/Scripts/ZenjectInstaller.cs using Guid(35cf5697be59f9b47b05b2c14d649f6a) Importer(815301076,1909f56bfc062723c751e8b465ee728b)  -> (artifact id: '049cd2a20b8196dc9bcff8f1034ea92f') in 0.007787 seconds 
  Import took 0.022051 seconds .

========================================================================
Received Prepare
Registering precompiled user dll's ...
Registered in 0.006295 seconds.
Begin MonoManager ReloadAssembly
Native extension for WindowsStandalone target not found
Refreshing native plugins compatible for Editor in 0.53 ms, found 2 plugins.
Preloading 0 native plugins for Editor in 0.00 ms.
Mono: successfully reloaded assembly
- Completed reload, in  0.809 seconds
Domain Reload Profiling:
	ReloadAssembly (809ms)
		BeginReloadAssembly (108ms)
			ExecutionOrderSort (0ms)
			DisableScriptedObjects (3ms)
			BackupInstance (0ms)
			ReleaseScriptingObjects (0ms)
			CreateAndSetChildDomain (31ms)
		EndReloadAssembly (655ms)
			LoadAssemblies (79ms)
			RebuildTransferFunctionScriptingTraits (0ms)
			SetupTypeCache (273ms)
			ReleaseScriptCaches (1ms)
			RebuildScriptCaches (26ms)
			SetupLoadedEditorAssemblies (215ms)
				LogAssemblyErrors (0ms)
				InitializePlatformSupportModulesInManaged (3ms)
				SetLoadedEditorAssemblies (0ms)
				RefreshPlugins (1ms)
				BeforeProcessingInitializeOnLoad (63ms)
				ProcessInitializeOnLoadAttributes (125ms)
				ProcessInitializeOnLoadMethodAttributes (17ms)
				AfterProcessingInitializeOnLoad (5ms)
				EditorAssembliesLoaded (0ms)
			ExecutionOrderSort2 (0ms)
			AwakeInstancesAfterBackupRestoration (5ms)
Platform modules already initialized, skipping
Refreshing native plugins compatible for Editor in 0.52 ms, found 2 plugins.
Preloading 0 native plugins for Editor in 0.00 ms.
Unloading 2846 Unused Serialized files (Serialized files now loaded: 0)
System memory in use before: 107.9 MB.
System memory in use after: 108.1 MB.

Unloading 24 unused Assets to reduce memory usage. Loaded Objects now: 3298.
Total: 2.635500 ms (FindLiveObjects: 0.186400 ms CreateObjectMapping: 0.064100 ms MarkObjects: 2.367000 ms  DeleteObjects: 0.016800 ms)

AssetImportParameters requested are different than current active one (requested -> active):
  custom:framework-win-MediaFoundation: 216162199b28c13a410421893ffa2e32 -> 
  custom:video-decoder-ogg-theora: a1e56fd34408186e4bbccfd4996cb3dc -> 
  custom:container-muxer-webm: aa71ff27fc2769a1b78a27578f13a17b -> 
  custom:container-demuxer-webm: 4f35f7cbe854078d1ac9338744f61a02 -> 
  custom:container-demuxer-ogg: 62fdf1f143b41e24485cea50d1cbac27 -> 
  custom:video-encoder-webm-vp8: eb34c28f22e8b96e1ab97ce403110664 -> 
  custom:video-decoder-webm-vp8: 9c59270c3fd7afecdb556c50c9e8de78 -> 
  custom:audio-decoder-ogg-vorbis: bf7c407c2cedff20999df2af8eb42d56 -> 
  custom:audio-encoder-webm-vorbis: bf7c407c2cedff20999df2af8eb42d56 -> 
========================================================================
Received Import Request.
  Time since last request: 18.682306 seconds.
  path: Assets/Plugins/MessagePipe
  artifactKey: Guid(3f21dc7078da5b0439482d82b7875a41) Importer(815301076,1909f56bfc062723c751e8b465ee728b)
Start importing Assets/Plugins/MessagePipe using Guid(3f21dc7078da5b0439482d82b7875a41) Importer(815301076,1909f56bfc062723c751e8b465ee728b)  -> (artifact id: 'cf088feea9d0471931e3250e68cf1766') in 0.006481 seconds 
  Import took 0.011713 seconds .

========================================================================
Received Import Request.
  Time since last request: 0.797908 seconds.
  path: Assets/Plugins/MessagePipe/Editor
  artifactKey: Guid(40d698e4c4938ef428e8a29e61b6a6e2) Importer(815301076,1909f56bfc062723c751e8b465ee728b)
Start importing Assets/Plugins/MessagePipe/Editor using Guid(40d698e4c4938ef428e8a29e61b6a6e2) Importer(815301076,1909f56bfc062723c751e8b465ee728b)  -> (artifact id: '829fd5183743fdf5c15df593a98516cb') in 0.002726 seconds 
  Import took 0.008313 seconds .

========================================================================
Received Import Request.
  Time since last request: 0.494232 seconds.
  path: Assets/Plugins/MessagePipe/Runtime
  artifactKey: Guid(206419d168af3034a8a366e940d7ae1c) Importer(815301076,1909f56bfc062723c751e8b465ee728b)
Start importing Assets/Plugins/MessagePipe/Runtime using Guid(206419d168af3034a8a366e940d7ae1c) Importer(815301076,1909f56bfc062723c751e8b465ee728b)  -> (artifact id: '0675c4c2f5bab7a42ea4b4b1c7fb3a3f') in 0.004027 seconds 
  Import took 0.008414 seconds .

========================================================================
Received Import Request.
  Time since last request: 1.656200 seconds.
  path: Assets/Plugins/MessagePipe/Editor/DiagnosticsHelper.cs
  artifactKey: Guid(303a48117c1cf3f4f95d89cbc665c54c) Importer(815301076,1909f56bfc062723c751e8b465ee728b)
Start importing Assets/Plugins/MessagePipe/Editor/DiagnosticsHelper.cs using Guid(303a48117c1cf3f4f95d89cbc665c54c) Importer(815301076,1909f56bfc062723c751e8b465ee728b)  -> (artifact id: 'a25ef83ab2ea8c474bb022ed554b874b') in 0.002775 seconds 
  Import took 0.007254 seconds .

========================================================================
Received Import Request.
  Time since last request: 6.825116 seconds.
  path: Assets/Plugins/MessagePipe/Runtime/Unity
  artifactKey: Guid(3702f29d415215743961f93c59610535) Importer(815301076,1909f56bfc062723c751e8b465ee728b)
Start importing Assets/Plugins/MessagePipe/Runtime/Unity using Guid(3702f29d415215743961f93c59610535) Importer(815301076,1909f56bfc062723c751e8b465ee728b)  -> (artifact id: '9f4fe0a25faf46a648802d93d0481460') in 0.003943 seconds 
  Import took 0.008403 seconds .

========================================================================
Received Import Request.
  Time since last request: 3.488210 seconds.
  path: Assets/Plugins/MessagePipe/Runtime/MessageBroker_Key.cs
  artifactKey: Guid(85274606129d1db439c9cbf391440890) Importer(815301076,1909f56bfc062723c751e8b465ee728b)
Start importing Assets/Plugins/MessagePipe/Runtime/MessageBroker_Key.cs using Guid(85274606129d1db439c9cbf391440890) Importer(815301076,1909f56bfc062723c751e8b465ee728b)  -> (artifact id: '1b0627c1933e7b3cb04ee14449a23aab') in 0.002934 seconds 
  Import took 0.006562 seconds .

========================================================================
Received Import Request.
  Time since last request: 0.511494 seconds.
  path: Assets/Plugins/MessagePipe/Runtime/MessagePipe.asmdef
  artifactKey: Guid(08b38f39e2d9e594389b7a4cf4c2c338) Importer(815301076,1909f56bfc062723c751e8b465ee728b)
Start importing Assets/Plugins/MessagePipe/Runtime/MessagePipe.asmdef using Guid(08b38f39e2d9e594389b7a4cf4c2c338) Importer(815301076,1909f56bfc062723c751e8b465ee728b)  -> (artifact id: '500bc9f18d8c5885ce47fe8a95108c44') in 0.006050 seconds 
  Import took 0.010167 seconds .

========================================================================
Received Import Request.
  Time since last request: 2.148973 seconds.
  path: Assets/Plugins/MessagePipe/Runtime/MessagePipeDiagnosticsInfo.cs
  artifactKey: Guid(31a8e66be7b5f3e48a325afe580b9956) Importer(815301076,1909f56bfc062723c751e8b465ee728b)
Start importing Assets/Plugins/MessagePipe/Runtime/MessagePipeDiagnosticsInfo.cs using Guid(31a8e66be7b5f3e48a325afe580b9956) Importer(815301076,1909f56bfc062723c751e8b465ee728b)  -> (artifact id: '8bb11a42fb36b6e243d15587dc401ac1') in 0.004051 seconds 
  Import took 0.008046 seconds .

========================================================================
Received Import Request.
  Time since last request: 3.779038 seconds.
  path: Assets/Plugins/MessagePipe/Runtime/MessagePipeOptions.cs
  artifactKey: Guid(4941c4967c104e24fa0f99858dcc904c) Importer(815301076,1909f56bfc062723c751e8b465ee728b)
Start importing Assets/Plugins/MessagePipe/Runtime/MessagePipeOptions.cs using Guid(4941c4967c104e24fa0f99858dcc904c) Importer(815301076,1909f56bfc062723c751e8b465ee728b)  -> (artifact id: '1f5d93e2521a647ebe4957afa5a139de') in 0.004110 seconds 
  Import took 0.008527 seconds .

========================================================================
Received Import Request.
  Time since last request: 19.454141 seconds.
  path: Assets/Plugins/MessagePipe/Runtime/MessageBroker.cs
  artifactKey: Guid(2e2f4d89d2e58ce4d84730fa5b28d39a) Importer(815301076,1909f56bfc062723c751e8b465ee728b)
Start importing Assets/Plugins/MessagePipe/Runtime/MessageBroker.cs using Guid(2e2f4d89d2e58ce4d84730fa5b28d39a) Importer(815301076,1909f56bfc062723c751e8b465ee728b)  -> (artifact id: 'de2917f4d613c53448cf7bc2900bc2cd') in 0.004234 seconds 
  Import took 0.008473 seconds .

========================================================================
Received Import Request.
  Time since last request: 11.946163 seconds.
  path: Assets/Plugins/MessagePipe/Runtime/ServiceCollectionExtensions.cs
  artifactKey: Guid(6517efc3f0b91a54cb1b53c9ab318ccd) Importer(815301076,1909f56bfc062723c751e8b465ee728b)
Start importing Assets/Plugins/MessagePipe/Runtime/ServiceCollectionExtensions.cs using Guid(6517efc3f0b91a54cb1b53c9ab318ccd) Importer(815301076,1909f56bfc062723c751e8b465ee728b)  -> (artifact id: '814c8c3871535b643083411765cceefc') in 0.002686 seconds 
  Import took 0.007717 seconds .

========================================================================
Received Import Request.
  Time since last request: 0.344234 seconds.
  path: Assets/Plugins/MessagePipe/Runtime/RequestHandler.cs
  artifactKey: Guid(404063e67b7fdd54ca1801cf6aa9e633) Importer(815301076,1909f56bfc062723c751e8b465ee728b)
Start importing Assets/Plugins/MessagePipe/Runtime/RequestHandler.cs using Guid(404063e67b7fdd54ca1801cf6aa9e633) Importer(815301076,1909f56bfc062723c751e8b465ee728b)  -> (artifact id: 'f60afba0fc1199eecbcbb768e84950d6') in 0.002914 seconds 
  Import took 0.008007 seconds .

========================================================================
Received Import Request.
  Time since last request: 4.934357 seconds.
  path: Assets/Plugins/MessagePipe/Runtime/AsyncMessageBroker.cs
  artifactKey: Guid(9ff4242954a14784998cdc6a4dce02f7) Importer(815301076,1909f56bfc062723c751e8b465ee728b)
Start importing Assets/Plugins/MessagePipe/Runtime/AsyncMessageBroker.cs using Guid(9ff4242954a14784998cdc6a4dce02f7) Importer(815301076,1909f56bfc062723c751e8b465ee728b)  -> (artifact id: '9990ad21b87222372323b0e84c4bce97') in 0.003619 seconds 
  Import took 0.007261 seconds .

========================================================================
Received Import Request.
  Time since last request: 1.770536 seconds.
  path: Assets/Plugins/MessagePipe/Runtime/Unity/BuiltinContainerBuilder.cs
  artifactKey: Guid(2fdf7a1af83b5a84485609f895d5044d) Importer(815301076,1909f56bfc062723c751e8b465ee728b)
Start importing Assets/Plugins/MessagePipe/Runtime/Unity/BuiltinContainerBuilder.cs using Guid(2fdf7a1af83b5a84485609f895d5044d) Importer(815301076,1909f56bfc062723c751e8b465ee728b)  -> (artifact id: '327d1464cf6a182fb28730bd6861679b') in 0.002770 seconds 
  Import took 0.007994 seconds .

========================================================================
Received Import Request.
  Time since last request: 28.415510 seconds.
  path: Assets/Plugins/MessagePipe/Runtime/Internal
  artifactKey: Guid(1f909a07382f3d340a5bce247a345da7) Importer(815301076,1909f56bfc062723c751e8b465ee728b)
Start importing Assets/Plugins/MessagePipe/Runtime/Internal using Guid(1f909a07382f3d340a5bce247a345da7) Importer(815301076,1909f56bfc062723c751e8b465ee728b)  -> (artifact id: 'cfaae6abf0821498c76a34b9de4da7cb') in 0.002856 seconds 
  Import took 0.006640 seconds .

========================================================================
Received Import Request.
  Time since last request: 251.962905 seconds.
  path: Assets/Plugins/UniTask
  artifactKey: Guid(ae0798fccee468244b51b030e49db3b9) Importer(815301076,1909f56bfc062723c751e8b465ee728b)
Start importing Assets/Plugins/UniTask using Guid(ae0798fccee468244b51b030e49db3b9) Importer(815301076,1909f56bfc062723c751e8b465ee728b)  -> (artifact id: 'f54dc93dfe14e893fbb2979cc003f45d') in 0.002895 seconds 
  Import took 0.007621 seconds .

========================================================================
Received Import Request.
  Time since last request: 0.809296 seconds.
  path: Assets/Plugins/UniRx
  artifactKey: Guid(927ffc18be118ba4dbd49ddcd947c957) Importer(815301076,1909f56bfc062723c751e8b465ee728b)
Start importing Assets/Plugins/UniRx using Guid(927ffc18be118ba4dbd49ddcd947c957) Importer(815301076,1909f56bfc062723c751e8b465ee728b)  -> (artifact id: 'a8fd6e70b0a414e9d04ca73873a5437f') in 0.004063 seconds 
  Import took 0.008743 seconds .

========================================================================
Received Import Request.
  Time since last request: 0.448612 seconds.
  path: Assets/Plugins/Zenject
  artifactKey: Guid(af4a638e5db9d8649a981064d9f7a50c) Importer(815301076,1909f56bfc062723c751e8b465ee728b)
Start importing Assets/Plugins/Zenject using Guid(af4a638e5db9d8649a981064d9f7a50c) Importer(815301076,1909f56bfc062723c751e8b465ee728b)  -> (artifact id: '6d93d8160ce374bf1b42f0cdb8876802') in 0.003806 seconds 
  Import took 0.008362 seconds .

========================================================================
Received Import Request.
  Time since last request: 0.625908 seconds.
  path: Assets/Plugins/Zenject/LICENSE.txt
  artifactKey: Guid(75406829aaca6154491302d85b26270a) Importer(815301076,1909f56bfc062723c751e8b465ee728b)
Start importing Assets/Plugins/Zenject/LICENSE.txt using Guid(75406829aaca6154491302d85b26270a) Importer(815301076,1909f56bfc062723c751e8b465ee728b)  -> (artifact id: '0103d82b2821fa5584e4a7d71e41f62b') in 0.039307 seconds 
  Import took 0.043406 seconds .

========================================================================
Received Import Request.
  Time since last request: 0.769821 seconds.
  path: Assets/Plugins/Zenject/Source
  artifactKey: Guid(9180a9720c42cb94f9b30a7c0c938d90) Importer(815301076,1909f56bfc062723c751e8b465ee728b)
Start importing Assets/Plugins/Zenject/Source using Guid(9180a9720c42cb94f9b30a7c0c938d90) Importer(815301076,1909f56bfc062723c751e8b465ee728b)  -> (artifact id: 'a1fa6fe854e2eb601fa9592eb60723fa') in 0.004305 seconds 
  Import took 0.008015 seconds .

========================================================================
Received Import Request.
  Time since last request: 0.636753 seconds.
  path: Assets/Plugins/Zenject/OptionalExtras
  artifactKey: Guid(e70ffae629cf5764fbc95aaeeb64884d) Importer(815301076,1909f56bfc062723c751e8b465ee728b)
Start importing Assets/Plugins/Zenject/OptionalExtras using Guid(e70ffae629cf5764fbc95aaeeb64884d) Importer(815301076,1909f56bfc062723c751e8b465ee728b)  -> (artifact id: 'b940a13b490c57e154879ed27d7ced3f') in 0.002824 seconds 
  Import took 0.008277 seconds .

========================================================================
Received Import Request.
  Time since last request: 0.960238 seconds.
  path: Assets/Plugins/Zenject/ReadMe.url
  artifactKey: Guid(937aea47cf7f0864cb39571ca85e205d) Importer(815301076,1909f56bfc062723c751e8b465ee728b)
Start importing Assets/Plugins/Zenject/ReadMe.url using Guid(937aea47cf7f0864cb39571ca85e205d) Importer(815301076,1909f56bfc062723c751e8b465ee728b)  -> (artifact id: '466f90e402e30e7fed3dbdc881f7797e') in 0.101150 seconds 
  Import took 0.105170 seconds .

========================================================================
Received Import Request.
  Time since last request: 0.325379 seconds.
  path: Assets/Plugins/Zenject/Version.txt
  artifactKey: Guid(4917e73af158b1e4782b175c0568afcf) Importer(815301076,1909f56bfc062723c751e8b465ee728b)
Start importing Assets/Plugins/Zenject/Version.txt using Guid(4917e73af158b1e4782b175c0568afcf) Importer(815301076,1909f56bfc062723c751e8b465ee728b)  -> (artifact id: '6042d648dfebea446609cbbb34663ff1') in 0.003121 seconds 
  Import took 0.007635 seconds .

========================================================================
Received Import Request.
  Time since last request: 0.405501 seconds.
  path: Assets/Plugins/Zenject/zenject.asmdef
  artifactKey: Guid(0d8beb7f090555447a6cf5ce9e54dbb4) Importer(815301076,1909f56bfc062723c751e8b465ee728b)
Start importing Assets/Plugins/Zenject/zenject.asmdef using Guid(0d8beb7f090555447a6cf5ce9e54dbb4) Importer(815301076,1909f56bfc062723c751e8b465ee728b)  -> (artifact id: 'f60976b85209a69fb5cc1d48bb9d330f') in 0.003261 seconds 
  Import took 0.006995 seconds .

AssetImportWorkerClient::OnTransportError - code=2 error=End of file
